<?xml version="1.0" encoding="UTF-8"?>
<!-- Generated by org.testng.reporters.JUnitXMLReporter -->
<testsuite ignored="0" hostname="DESKTOP-GFNEFC4" failures="0" tests="7" name="Default test" time="5.739" errors="0" timestamp="2024-04-15T11:54:28 IST">
  <testcase classname="com.qc.pom.test.POMtest" name="doLogin" time="0.375"/>
  <testcase classname="com.qc.pom.test.POMtest" name="doLogin" time="0.313"/>
  <testcase classname="com.qc.pom.test.POMtest" name="doLogin" time="0.38"/>
  <testcase classname="com.qc.pom.test.POMtest" name="doLogin" time="0.302"/>
  <testcase classname="com.qc.pom.test.POMtest" name="doLogin" time="0.328"/>
  <testcase classname="com.qc.pom.test.POMtest" name="doLogin" time="0.306"/>
  <testcase classname="com.qc.pom.test.POMtest" name="doLogin" time="3.356"/>
</testsuite> <!-- Default test -->
