<?xml version="1.0" encoding="UTF-8"?>
<testng-results ignored="0" total="7" passed="7" failed="0" skipped="0">
  <reporter-output>
  </reporter-output>
  <suite started-at="2024-04-19T20:47:41 IST" name="Suite" finished-at="2024-04-19T20:47:44 IST" duration-ms="3339">
    <groups>
    </groups>
    <test started-at="2024-04-19T20:47:41 IST" name="Test" finished-at="2024-04-19T20:47:44 IST" duration-ms="3339">
      <class name="com.qc.pom.test.POMtest">
        <test-method is-config="true" signature="doSetup()[pri:0, instance:com.qc.pom.test.POMtest@fa49800]" started-at="2024-04-19T20:47:38 IST" name="doSetup" finished-at="2024-04-19T20:47:41 IST" duration-ms="2281" status="PASS">
          <reporter-output>
          </reporter-output>
        </test-method> <!-- doSetup -->
        <test-method signature="doLogin(java.lang.String,java.lang.String,java.lang.String)[pri:0, instance:com.qc.pom.test.POMtest@fa49800]" started-at="2024-04-19T20:47:41 IST" name="doLogin" data-provider="loginData" finished-at="2024-04-19T20:47:42 IST" duration-ms="553" status="PASS">
          <params>
            <param index="0">
              <value>
                <![CDATA[Both are Empty]]>
              </value>
            </param>
            <param index="1">
              <value>
                <![CDATA[]]>
              </value>
            </param>
            <param index="2">
              <value>
                <![CDATA[]]>
              </value>
            </param>
          </params>
          <reporter-output>
          </reporter-output>
        </test-method> <!-- doLogin -->
        <test-method signature="doLogin(java.lang.String,java.lang.String,java.lang.String)[pri:0, instance:com.qc.pom.test.POMtest@fa49800]" started-at="2024-04-19T20:47:42 IST" name="doLogin" data-provider="loginData" finished-at="2024-04-19T20:47:42 IST" duration-ms="298" status="PASS">
          <params>
            <param index="0">
              <value>
                <![CDATA[email is empty]]>
              </value>
            </param>
            <param index="1">
              <value>
                <![CDATA[]]>
              </value>
            </param>
            <param index="2">
              <value>
                <![CDATA[123456]]>
              </value>
            </param>
          </params>
          <reporter-output>
          </reporter-output>
        </test-method> <!-- doLogin -->
        <test-method signature="doLogin(java.lang.String,java.lang.String,java.lang.String)[pri:0, instance:com.qc.pom.test.POMtest@fa49800]" started-at="2024-04-19T20:47:42 IST" name="doLogin" data-provider="loginData" finished-at="2024-04-19T20:47:42 IST" duration-ms="332" status="PASS">
          <params>
            <param index="0">
              <value>
                <![CDATA[password is empty]]>
              </value>
            </param>
            <param index="1">
              <value>
                <![CDATA[queuecodes@gmail.com]]>
              </value>
            </param>
            <param index="2">
              <value>
                <![CDATA[]]>
              </value>
            </param>
          </params>
          <reporter-output>
          </reporter-output>
        </test-method> <!-- doLogin -->
        <test-method signature="doLogin(java.lang.String,java.lang.String,java.lang.String)[pri:0, instance:com.qc.pom.test.POMtest@fa49800]" started-at="2024-04-19T20:47:42 IST" name="doLogin" data-provider="loginData" finished-at="2024-04-19T20:47:43 IST" duration-ms="298" status="PASS">
          <params>
            <param index="0">
              <value>
                <![CDATA[both are invalid]]>
              </value>
            </param>
            <param index="1">
              <value>
                <![CDATA[queuecodes]]>
              </value>
            </param>
            <param index="2">
              <value>
                <![CDATA[123456]]>
              </value>
            </param>
          </params>
          <reporter-output>
          </reporter-output>
        </test-method> <!-- doLogin -->
        <test-method signature="doLogin(java.lang.String,java.lang.String,java.lang.String)[pri:0, instance:com.qc.pom.test.POMtest@fa49800]" started-at="2024-04-19T20:47:43 IST" name="doLogin" data-provider="loginData" finished-at="2024-04-19T20:47:43 IST" duration-ms="326" status="PASS">
          <params>
            <param index="0">
              <value>
                <![CDATA[email is invalid]]>
              </value>
            </param>
            <param index="1">
              <value>
                <![CDATA[queuecodes@gmail.com]]>
              </value>
            </param>
            <param index="2">
              <value>
                <![CDATA[12345]]>
              </value>
            </param>
          </params>
          <reporter-output>
          </reporter-output>
        </test-method> <!-- doLogin -->
        <test-method signature="doLogin(java.lang.String,java.lang.String,java.lang.String)[pri:0, instance:com.qc.pom.test.POMtest@fa49800]" started-at="2024-04-19T20:47:43 IST" name="doLogin" data-provider="loginData" finished-at="2024-04-19T20:47:43 IST" duration-ms="313" status="PASS">
          <params>
            <param index="0">
              <value>
                <![CDATA[password is invalid]]>
              </value>
            </param>
            <param index="1">
              <value>
                <![CDATA[queuecodes@gmail]]>
              </value>
            </param>
            <param index="2">
              <value>
                <![CDATA[12345]]>
              </value>
            </param>
          </params>
          <reporter-output>
          </reporter-output>
        </test-method> <!-- doLogin -->
        <test-method signature="doLogin(java.lang.String,java.lang.String,java.lang.String)[pri:0, instance:com.qc.pom.test.POMtest@fa49800]" started-at="2024-04-19T20:47:43 IST" name="doLogin" data-provider="loginData" finished-at="2024-04-19T20:47:44 IST" duration-ms="763" status="PASS">
          <params>
            <param index="0">
              <value>
                <![CDATA[Both are valid]]>
              </value>
            </param>
            <param index="1">
              <value>
                <![CDATA[queuecodes@gmail.com]]>
              </value>
            </param>
            <param index="2">
              <value>
                <![CDATA[123456]]>
              </value>
            </param>
          </params>
          <reporter-output>
          </reporter-output>
        </test-method> <!-- doLogin -->
        <test-method is-config="true" signature="tearDown()[pri:0, instance:com.qc.pom.test.POMtest@fa49800]" started-at="2024-04-19T20:47:44 IST" name="tearDown" finished-at="2024-04-19T20:47:45 IST" duration-ms="175" status="PASS">
          <reporter-output>
          </reporter-output>
        </test-method> <!-- tearDown -->
      </class> <!-- com.qc.pom.test.POMtest -->
    </test> <!-- Test -->
  </suite> <!-- Suite -->
</testng-results>
